<?xml version="1.0" encoding="UTF-8"?>
<!-- Generated by org.testng.reporters.JUnitReportReporter -->
<testsuite hostname="nirmal" failures="0" tests="2" name="encoretickets.tests.CheckOutTest" time="99.913" errors="0" timestamp="2 May 2022 20:09:14 GMT">
  <testcase classname="encoretickets.tests.CheckOutTest" name="apitest" time="9.826"/>
  <testcase classname="encoretickets.tests.CheckOutTest" name="searchText" time="90.087"/>
</testsuite> <!-- encoretickets.tests.CheckOutTest -->
