<?xml version="1.0" encoding="UTF-8"?>
<!-- Generated by org.testng.reporters.JUnitReportReporter -->
<testsuite hostname="nirmal" failures="0" tests="2" name="encoretickets.tests.CheckOutTest" time="65.060" errors="0" timestamp="4 May 2022 16:22:32 GMT">
  <testcase classname="encoretickets.tests.CheckOutTest" name="checkoutJourney" time="55.986"/>
  <testcase classname="encoretickets.tests.CheckOutTest" name="apiTest" time="9.074"/>
</testsuite> <!-- encoretickets.tests.CheckOutTest -->
