<?xml version="1.0" encoding="UTF-8"?>
<!-- Generated by org.testng.reporters.JUnitReportReporter -->
<testsuite hostname="nirmal" failures="0" tests="1" name="encoretickets.tests.getAvailability" time="8.336" errors="0" timestamp="30 Apr 2022 16:31:46 GMT">
  <testcase classname="encoretickets.tests.getAvailability" name="test" time="8.336"/>
</testsuite> <!-- encoretickets.tests.getAvailability -->
