<?xml version="1.0" encoding="UTF-8"?>
<!-- Generated by org.testng.reporters.JUnitReportReporter -->
<testsuite hostname="nirmal" failures="0" tests="2" name="encoretickets.tests.CheckOutTest" time="82.040" errors="0" timestamp="2 May 2022 22:40:40 GMT">
  <testcase classname="encoretickets.tests.CheckOutTest" name="apitest" time="4.405"/>
  <testcase classname="encoretickets.tests.CheckOutTest" name="searchText" time="77.635"/>
</testsuite> <!-- encoretickets.tests.CheckOutTest -->
