<?xml version="1.0" encoding="UTF-8"?>
<!-- Generated by org.testng.reporters.JUnitReportReporter -->
<testsuite hostname="nirmal" failures="0" tests="3" name="encoretickets.tests.CheckOutTest" time="120.132" errors="0" timestamp="5 May 2022 08:01:56 GMT">
  <testcase classname="encoretickets.tests.CheckOutTest" name="apiTest" time="8.537"/>
  <testcase classname="encoretickets.tests.CheckOutTest" name="checkoutJourney" time="60.595"/>
  <testcase classname="encoretickets.tests.CheckOutTest" name="restrictedcheckoutJourney" time="51.000"/>
</testsuite> <!-- encoretickets.tests.CheckOutTest -->
