<?xml version="1.0" encoding="UTF-8"?>
<!-- Generated by org.testng.reporters.JUnitReportReporter -->
<testsuite hostname="nirmal" failures="0" tests="2" name="encoretickets.tests.CheckOutTest" time="51.331" errors="0" timestamp="2 May 2022 13:02:05 GMT">
  <testcase classname="encoretickets.tests.CheckOutTest" name="apitest" time="8.223"/>
  <testcase classname="encoretickets.tests.CheckOutTest" name="searchText" time="43.108"/>
</testsuite> <!-- encoretickets.tests.CheckOutTest -->
