<?xml version="1.0" encoding="UTF-8"?>
<!-- Generated by org.testng.reporters.JUnitReportReporter -->
<testsuite hostname="nirmal" failures="0" tests="2" name="encoretickets.tests.CheckOutTest" time="124.710" errors="0" timestamp="3 May 2022 00:07:07 GMT">
  <testcase classname="encoretickets.tests.CheckOutTest" name="searchText" time="120.232"/>
  <testcase classname="encoretickets.tests.CheckOutTest" name="apitest" time="4.478"/>
</testsuite> <!-- encoretickets.tests.CheckOutTest -->
